<?xml version="1.0" encoding="UTF-8"?>
<coverage generated="1669924296016" clover="3.2.0">
  <project timestamp="1669924296016" name="All files">
    <metrics statements="11" coveredstatements="6" conditionals="2" coveredconditionals="1" methods="4" coveredmethods="2" elements="17" coveredelements="9" complexity="0" loc="11" ncloc="11" packages="1" files="2" classes="2"/>
    <file name="App.js" path="C:\Users\jcaj3\Desktop\Files\UT_Files\Fall_2022\ECE461L\Project\team_project_submission\frontend\src\App.js">
      <metrics statements="9" coveredstatements="6" conditionals="2" coveredconditionals="1" methods="4" coveredmethods="2"/>
      <line num="13" count="7" type="stmt"/>
      <line num="14" count="7" type="stmt"/>
      <line num="21" count="7" type="cond" truecount="1" falsecount="1"/>
      <line num="22" count="0" type="stmt"/>
      <line num="35" count="7" type="stmt"/>
      <line num="49" count="7" type="stmt"/>
      <line num="50" count="0" type="stmt"/>
      <line num="58" count="7" type="stmt"/>
      <line num="59" count="0" type="stmt"/>
    </file>
    <file name="index.js" path="C:\Users\jcaj3\Desktop\Files\UT_Files\Fall_2022\ECE461L\Project\team_project_submission\frontend\src\index.js">
      <metrics statements="2" coveredstatements="0" conditionals="0" coveredconditionals="0" methods="0" coveredmethods="0"/>
      <line num="5" count="0" type="stmt"/>
      <line num="6" count="0" type="stmt"/>
    </file>
  </project>
</coverage>
