{"C:\\Users\\jcaj3\\Desktop\\Files\\UT_Files\\Fall_2022\\ECE461L\\Project\\team_project_submission\\frontend\\src\\App.js": {"path":"C:\\Users\\jcaj3\\Desktop\\Files\\UT_Files\\Fall_2022\\ECE461L\\Project\\team_project_submission\\frontend\\src\\App.js","statementMap":{"0":{"start":{"line":13,"column":2},"end":{"line":13,"column":14}},"1":{"start":{"line":14,"column":2},"end":{"line":16,"column":3}},"2":{"start":{"line":21,"column":2},"end":{"line":43,"column":3}},"3":{"start":{"line":22,"column":3},"end":{"line":32,"column":4}},"4":{"start":{"line":35,"column":3},"end":{"line":42,"column":4}},"5":{"start":{"line":49,"column":21},"end":{"line":55,"column":2}},"6":{"start":{"line":50,"column":2},"end":{"line":54,"column":4}},"7":{"start":{"line":58,"column":22},"end":{"line":62,"column":2}},"8":{"start":{"line":59,"column":2},"end":{"line":61,"column":4}}},"fnMap":{"0":{"name":"(anonymous_0)","decl":{"start":{"line":12,"column":1},"end":{"line":12,"column":2}},"loc":{"start":{"line":12,"column":20},"end":{"line":17,"column":2}},"line":12},"1":{"name":"(anonymous_1)","decl":{"start":{"line":20,"column":1},"end":{"line":20,"column":2}},"loc":{"start":{"line":20,"column":10},"end":{"line":44,"column":2}},"line":20},"2":{"name":"(anonymous_2)","decl":{"start":{"line":49,"column":21},"end":{"line":49,"column":22}},"loc":{"start":{"line":49,"column":46},"end":{"line":55,"column":2}},"line":49},"3":{"name":"(anonymous_3)","decl":{"start":{"line":58,"column":22},"end":{"line":58,"column":23}},"loc":{"start":{"line":58,"column":28},"end":{"line":62,"column":2}},"line":58}},"branchMap":{"0":{"loc":{"start":{"line":21,"column":2},"end":{"line":43,"column":3}},"type":"if","locations":[{"start":{"line":21,"column":2},"end":{"line":43,"column":3}},{"start":{"line":34,"column":7},"end":{"line":43,"column":3}}],"line":21}},"s":{"0":6,"1":6,"2":6,"3":0,"4":6,"5":6,"6":0,"7":6,"8":0},"f":{"0":6,"1":6,"2":0,"3":0},"b":{"0":[0,6]},"_coverageSchema":"1a1c01bbd47fc00a2c39e90264f33305004495a9","hash":"579933270fd732d582e7c82773f2abf36206137e"}
,"C:\\Users\\jcaj3\\Desktop\\Files\\UT_Files\\Fall_2022\\ECE461L\\Project\\team_project_submission\\frontend\\src\\Projects.js": {"path":"C:\\Users\\jcaj3\\Desktop\\Files\\UT_Files\\Fall_2022\\ECE461L\\Project\\team_project_submission\\frontend\\src\\Projects.js","statementMap":{"0":{"start":{"line":6,"column":12},"end":{"line":6,"column":13}},"1":{"start":{"line":7,"column":18},"end":{"line":7,"column":19}},"2":{"start":{"line":8,"column":16},"end":{"line":8,"column":17}},"3":{"start":{"line":9,"column":13},"end":{"line":9,"column":14}},"4":{"start":{"line":10,"column":14},"end":{"line":10,"column":15}},"5":{"start":{"line":11,"column":18},"end":{"line":11,"column":19}},"6":{"start":{"line":12,"column":16},"end":{"line":12,"column":17}},"7":{"start":{"line":16,"column":15},"end":{"line":16,"column":16}},"8":{"start":{"line":17,"column":15},"end":{"line":17,"column":16}},"9":{"start":{"line":24,"column":2},"end":{"line":42,"column":3}},"10":{"start":{"line":27,"column":26},"end":{"line":27,"column":45}},"11":{"start":{"line":49,"column":2},"end":{"line":49,"column":34}},"12":{"start":{"line":61,"column":2},"end":{"line":61,"column":15}},"13":{"start":{"line":62,"column":2},"end":{"line":70,"column":4}},"14":{"start":{"line":76,"column":2},"end":{"line":76,"column":23}},"15":{"start":{"line":82,"column":27},"end":{"line":82,"column":29}},"16":{"start":{"line":85,"column":23},"end":{"line":85,"column":54}},"17":{"start":{"line":88,"column":2},"end":{"line":96,"column":3}},"18":{"start":{"line":88,"column":14},"end":{"line":88,"column":15}},"19":{"start":{"line":90,"column":24},"end":{"line":90,"column":39}},"20":{"start":{"line":93,"column":3},"end":{"line":95,"column":5}},"21":{"start":{"line":99,"column":2},"end":{"line":113,"column":3}},"22":{"start":{"line":102,"column":27},"end":{"line":102,"column":47}},"23":{"start":{"line":120,"column":2},"end":{"line":145,"column":3}},"24":{"start":{"line":150,"column":2},"end":{"line":162,"column":3}},"25":{"start":{"line":157,"column":27},"end":{"line":157,"column":49}},"26":{"start":{"line":158,"column":26},"end":{"line":158,"column":47}},"27":{"start":{"line":159,"column":27},"end":{"line":159,"column":49}},"28":{"start":{"line":160,"column":25},"end":{"line":160,"column":50}},"29":{"start":{"line":161,"column":26},"end":{"line":161,"column":52}},"30":{"start":{"line":167,"column":2},"end":{"line":169,"column":3}},"31":{"start":{"line":168,"column":42},"end":{"line":168,"column":65}},"32":{"start":{"line":174,"column":2},"end":{"line":176,"column":3}},"33":{"start":{"line":175,"column":44},"end":{"line":175,"column":68}},"34":{"start":{"line":184,"column":20},"end":{"line":184,"column":22}},"35":{"start":{"line":187,"column":2},"end":{"line":216,"column":5}},"36":{"start":{"line":196,"column":20},"end":{"line":196,"column":35}},"37":{"start":{"line":200,"column":16},"end":{"line":200,"column":52}},"38":{"start":{"line":201,"column":20},"end":{"line":201,"column":36}},"39":{"start":{"line":202,"column":3},"end":{"line":204,"column":4}},"40":{"start":{"line":203,"column":4},"end":{"line":203,"column":35}},"41":{"start":{"line":207,"column":20},"end":{"line":207,"column":31}},"42":{"start":{"line":208,"column":20},"end":{"line":208,"column":31}},"43":{"start":{"line":211,"column":3},"end":{"line":215,"column":6}},"44":{"start":{"line":221,"column":23},"end":{"line":221,"column":54}},"45":{"start":{"line":223,"column":2},"end":{"line":240,"column":5}},"46":{"start":{"line":233,"column":20},"end":{"line":233,"column":35}},"47":{"start":{"line":235,"column":23},"end":{"line":235,"column":59}},"48":{"start":{"line":236,"column":3},"end":{"line":236,"column":71}},"49":{"start":{"line":237,"column":3},"end":{"line":239,"column":5}},"50":{"start":{"line":246,"column":23},"end":{"line":246,"column":54}},"51":{"start":{"line":248,"column":26},"end":{"line":248,"column":105}},"52":{"start":{"line":249,"column":2},"end":{"line":249,"column":49}},"53":{"start":{"line":252,"column":2},"end":{"line":254,"column":4}},"54":{"start":{"line":260,"column":23},"end":{"line":260,"column":54}},"55":{"start":{"line":263,"column":23},"end":{"line":263,"column":94}},"56":{"start":{"line":264,"column":2},"end":{"line":302,"column":3}},"57":{"start":{"line":267,"column":19},"end":{"line":267,"column":43}},"58":{"start":{"line":268,"column":23},"end":{"line":268,"column":49}},"59":{"start":{"line":271,"column":3},"end":{"line":301,"column":6}},"60":{"start":{"line":283,"column":21},"end":{"line":283,"column":36}},"61":{"start":{"line":287,"column":17},"end":{"line":287,"column":53}},"62":{"start":{"line":290,"column":21},"end":{"line":290,"column":32}},"63":{"start":{"line":291,"column":21},"end":{"line":291,"column":32}},"64":{"start":{"line":294,"column":4},"end":{"line":297,"column":7}},"65":{"start":{"line":299,"column":4},"end":{"line":299,"column":81}},"66":{"start":{"line":308,"column":23},"end":{"line":308,"column":54}},"67":{"start":{"line":311,"column":24},"end":{"line":311,"column":96}},"68":{"start":{"line":312,"column":2},"end":{"line":350,"column":3}},"69":{"start":{"line":315,"column":19},"end":{"line":315,"column":43}},"70":{"start":{"line":316,"column":23},"end":{"line":316,"column":49}},"71":{"start":{"line":319,"column":3},"end":{"line":349,"column":6}},"72":{"start":{"line":331,"column":21},"end":{"line":331,"column":36}},"73":{"start":{"line":335,"column":17},"end":{"line":335,"column":53}},"74":{"start":{"line":338,"column":21},"end":{"line":338,"column":32}},"75":{"start":{"line":339,"column":21},"end":{"line":339,"column":32}},"76":{"start":{"line":342,"column":4},"end":{"line":345,"column":7}},"77":{"start":{"line":347,"column":4},"end":{"line":347,"column":82}},"78":{"start":{"line":356,"column":23},"end":{"line":356,"column":72}},"79":{"start":{"line":357,"column":21},"end":{"line":357,"column":68}},"80":{"start":{"line":358,"column":2},"end":{"line":422,"column":3}},"81":{"start":{"line":359,"column":3},"end":{"line":421,"column":4}},"82":{"start":{"line":362,"column":25},"end":{"line":362,"column":56}},"83":{"start":{"line":363,"column":22},"end":{"line":363,"column":24}},"84":{"start":{"line":364,"column":4},"end":{"line":364,"column":39}},"85":{"start":{"line":367,"column":23},"end":{"line":367,"column":73}},"86":{"start":{"line":368,"column":4},"end":{"line":376,"column":5}},"87":{"start":{"line":369,"column":23},"end":{"line":369,"column":56}},"88":{"start":{"line":370,"column":5},"end":{"line":375,"column":6}},"89":{"start":{"line":370,"column":17},"end":{"line":370,"column":18}},"90":{"start":{"line":371,"column":24},"end":{"line":371,"column":43}},"91":{"start":{"line":372,"column":6},"end":{"line":374,"column":7}},"92":{"start":{"line":373,"column":7},"end":{"line":373,"column":33}},"93":{"start":{"line":377,"column":22},"end":{"line":377,"column":78}},"94":{"start":{"line":380,"column":4},"end":{"line":420,"column":7}},"95":{"start":{"line":398,"column":22},"end":{"line":398,"column":37}},"96":{"start":{"line":400,"column":18},"end":{"line":400,"column":54}},"97":{"start":{"line":403,"column":5},"end":{"line":419,"column":6}},"98":{"start":{"line":404,"column":6},"end":{"line":404,"column":113}},"99":{"start":{"line":407,"column":6},"end":{"line":409,"column":8}},"100":{"start":{"line":412,"column":6},"end":{"line":412,"column":61}},"101":{"start":{"line":413,"column":6},"end":{"line":413,"column":59}},"102":{"start":{"line":414,"column":6},"end":{"line":414,"column":68}},"103":{"start":{"line":415,"column":6},"end":{"line":415,"column":62}},"104":{"start":{"line":418,"column":6},"end":{"line":418,"column":53}},"105":{"start":{"line":428,"column":21},"end":{"line":428,"column":73}},"106":{"start":{"line":430,"column":2},"end":{"line":480,"column":3}},"107":{"start":{"line":432,"column":24},"end":{"line":432,"column":55}},"108":{"start":{"line":435,"column":3},"end":{"line":479,"column":6}},"109":{"start":{"line":445,"column":21},"end":{"line":445,"column":36}},"110":{"start":{"line":449,"column":17},"end":{"line":449,"column":53}},"111":{"start":{"line":452,"column":4},"end":{"line":478,"column":5}},"112":{"start":{"line":455,"column":23},"end":{"line":455,"column":38}},"113":{"start":{"line":456,"column":26},"end":{"line":456,"column":38}},"114":{"start":{"line":457,"column":23},"end":{"line":457,"column":35}},"115":{"start":{"line":458,"column":5},"end":{"line":465,"column":13}},"116":{"start":{"line":468,"column":5},"end":{"line":470,"column":7}},"117":{"start":{"line":473,"column":5},"end":{"line":473,"column":60}},"118":{"start":{"line":474,"column":5},"end":{"line":474,"column":58}},"119":{"start":{"line":477,"column":5},"end":{"line":477,"column":75}},"120":{"start":{"line":486,"column":20},"end":{"line":486,"column":22}},"121":{"start":{"line":489,"column":23},"end":{"line":489,"column":54}},"122":{"start":{"line":492,"column":21},"end":{"line":492,"column":45}},"123":{"start":{"line":495,"column":3},"end":{"line":534,"column":6}},"124":{"start":{"line":505,"column":21},"end":{"line":505,"column":36}},"125":{"start":{"line":509,"column":17},"end":{"line":509,"column":53}},"126":{"start":{"line":512,"column":4},"end":{"line":533,"column":5}},"127":{"start":{"line":515,"column":22},"end":{"line":515,"column":38}},"128":{"start":{"line":516,"column":5},"end":{"line":518,"column":6}},"129":{"start":{"line":517,"column":6},"end":{"line":517,"column":37}},"130":{"start":{"line":521,"column":22},"end":{"line":521,"column":33}},"131":{"start":{"line":522,"column":22},"end":{"line":522,"column":33}},"132":{"start":{"line":525,"column":5},"end":{"line":529,"column":8}},"133":{"start":{"line":532,"column":5},"end":{"line":532,"column":52}},"134":{"start":{"line":543,"column":1},"end":{"line":550,"column":2}},"135":{"start":{"line":555,"column":1},"end":{"line":562,"column":2}},"136":{"start":{"line":567,"column":1},"end":{"line":641,"column":2}},"137":{"start":{"line":647,"column":24},"end":{"line":647,"column":26}},"138":{"start":{"line":650,"column":1},"end":{"line":656,"column":2}},"139":{"start":{"line":650,"column":13},"end":{"line":650,"column":14}},"140":{"start":{"line":651,"column":2},"end":{"line":655,"column":3}},"141":{"start":{"line":659,"column":1},"end":{"line":659,"column":23}},"142":{"start":{"line":664,"column":1},"end":{"line":704,"column":2}},"143":{"start":{"line":708,"column":1},"end":{"line":734,"column":2}}},"fnMap":{"0":{"name":"(anonymous_0)","decl":{"start":{"line":23,"column":1},"end":{"line":23,"column":2}},"loc":{"start":{"line":23,"column":10},"end":{"line":43,"column":2}},"line":23},"1":{"name":"(anonymous_1)","decl":{"start":{"line":27,"column":20},"end":{"line":27,"column":21}},"loc":{"start":{"line":27,"column":26},"end":{"line":27,"column":45}},"line":27},"2":{"name":"(anonymous_2)","decl":{"start":{"line":48,"column":4},"end":{"line":48,"column":5}},"loc":{"start":{"line":48,"column":19},"end":{"line":50,"column":2}},"line":48},"3":{"name":"(anonymous_3)","decl":{"start":{"line":58,"column":1},"end":{"line":58,"column":2}},"loc":{"start":{"line":58,"column":20},"end":{"line":72,"column":2}},"line":58},"4":{"name":"(anonymous_4)","decl":{"start":{"line":75,"column":1},"end":{"line":75,"column":2}},"loc":{"start":{"line":75,"column":21},"end":{"line":77,"column":2}},"line":75},"5":{"name":"(anonymous_5)","decl":{"start":{"line":80,"column":1},"end":{"line":80,"column":2}},"loc":{"start":{"line":80,"column":10},"end":{"line":114,"column":2}},"line":80},"6":{"name":"(anonymous_6)","decl":{"start":{"line":102,"column":21},"end":{"line":102,"column":22}},"loc":{"start":{"line":102,"column":27},"end":{"line":102,"column":47}},"line":102},"7":{"name":"(anonymous_7)","decl":{"start":{"line":119,"column":1},"end":{"line":119,"column":2}},"loc":{"start":{"line":119,"column":24},"end":{"line":146,"column":2}},"line":119},"8":{"name":"(anonymous_8)","decl":{"start":{"line":149,"column":1},"end":{"line":149,"column":2}},"loc":{"start":{"line":149,"column":33},"end":{"line":163,"column":2}},"line":149},"9":{"name":"(anonymous_9)","decl":{"start":{"line":157,"column":21},"end":{"line":157,"column":22}},"loc":{"start":{"line":157,"column":27},"end":{"line":157,"column":49}},"line":157},"10":{"name":"(anonymous_10)","decl":{"start":{"line":158,"column":20},"end":{"line":158,"column":21}},"loc":{"start":{"line":158,"column":26},"end":{"line":158,"column":47}},"line":158},"11":{"name":"(anonymous_11)","decl":{"start":{"line":159,"column":21},"end":{"line":159,"column":22}},"loc":{"start":{"line":159,"column":27},"end":{"line":159,"column":49}},"line":159},"12":{"name":"(anonymous_12)","decl":{"start":{"line":160,"column":19},"end":{"line":160,"column":20}},"loc":{"start":{"line":160,"column":25},"end":{"line":160,"column":50}},"line":160},"13":{"name":"(anonymous_13)","decl":{"start":{"line":161,"column":20},"end":{"line":161,"column":21}},"loc":{"start":{"line":161,"column":26},"end":{"line":161,"column":52}},"line":161},"14":{"name":"(anonymous_14)","decl":{"start":{"line":166,"column":1},"end":{"line":166,"column":2}},"loc":{"start":{"line":166,"column":20},"end":{"line":170,"column":2}},"line":166},"15":{"name":"(anonymous_15)","decl":{"start":{"line":168,"column":36},"end":{"line":168,"column":37}},"loc":{"start":{"line":168,"column":42},"end":{"line":168,"column":65}},"line":168},"16":{"name":"(anonymous_16)","decl":{"start":{"line":173,"column":1},"end":{"line":173,"column":2}},"loc":{"start":{"line":173,"column":21},"end":{"line":177,"column":2}},"line":173},"17":{"name":"(anonymous_17)","decl":{"start":{"line":175,"column":38},"end":{"line":175,"column":39}},"loc":{"start":{"line":175,"column":44},"end":{"line":175,"column":68}},"line":175},"18":{"name":"(anonymous_18)","decl":{"start":{"line":182,"column":1},"end":{"line":182,"column":2}},"loc":{"start":{"line":182,"column":17},"end":{"line":217,"column":2}},"line":182},"19":{"name":"(anonymous_19)","decl":{"start":{"line":196,"column":8},"end":{"line":196,"column":9}},"loc":{"start":{"line":196,"column":20},"end":{"line":196,"column":35}},"line":196},"20":{"name":"(anonymous_20)","decl":{"start":{"line":197,"column":8},"end":{"line":197,"column":9}},"loc":{"start":{"line":197,"column":20},"end":{"line":216,"column":3}},"line":197},"21":{"name":"(anonymous_21)","decl":{"start":{"line":220,"column":1},"end":{"line":220,"column":2}},"loc":{"start":{"line":220,"column":19},"end":{"line":241,"column":2}},"line":220},"22":{"name":"(anonymous_22)","decl":{"start":{"line":233,"column":8},"end":{"line":233,"column":9}},"loc":{"start":{"line":233,"column":20},"end":{"line":233,"column":35}},"line":233},"23":{"name":"(anonymous_23)","decl":{"start":{"line":234,"column":8},"end":{"line":234,"column":9}},"loc":{"start":{"line":234,"column":20},"end":{"line":240,"column":3}},"line":234},"24":{"name":"(anonymous_24)","decl":{"start":{"line":244,"column":1},"end":{"line":244,"column":2}},"loc":{"start":{"line":244,"column":22},"end":{"line":255,"column":2}},"line":244},"25":{"name":"(anonymous_25)","decl":{"start":{"line":258,"column":1},"end":{"line":258,"column":2}},"loc":{"start":{"line":258,"column":18},"end":{"line":303,"column":2}},"line":258},"26":{"name":"(anonymous_26)","decl":{"start":{"line":283,"column":9},"end":{"line":283,"column":10}},"loc":{"start":{"line":283,"column":21},"end":{"line":283,"column":36}},"line":283},"27":{"name":"(anonymous_27)","decl":{"start":{"line":284,"column":9},"end":{"line":284,"column":10}},"loc":{"start":{"line":284,"column":21},"end":{"line":301,"column":4}},"line":284},"28":{"name":"(anonymous_28)","decl":{"start":{"line":306,"column":1},"end":{"line":306,"column":2}},"loc":{"start":{"line":306,"column":19},"end":{"line":351,"column":2}},"line":306},"29":{"name":"(anonymous_29)","decl":{"start":{"line":331,"column":9},"end":{"line":331,"column":10}},"loc":{"start":{"line":331,"column":21},"end":{"line":331,"column":36}},"line":331},"30":{"name":"(anonymous_30)","decl":{"start":{"line":332,"column":9},"end":{"line":332,"column":10}},"loc":{"start":{"line":332,"column":21},"end":{"line":349,"column":4}},"line":332},"31":{"name":"(anonymous_31)","decl":{"start":{"line":354,"column":1},"end":{"line":354,"column":2}},"loc":{"start":{"line":354,"column":20},"end":{"line":423,"column":2}},"line":354},"32":{"name":"(anonymous_32)","decl":{"start":{"line":398,"column":10},"end":{"line":398,"column":11}},"loc":{"start":{"line":398,"column":22},"end":{"line":398,"column":37}},"line":398},"33":{"name":"(anonymous_33)","decl":{"start":{"line":399,"column":10},"end":{"line":399,"column":11}},"loc":{"start":{"line":399,"column":22},"end":{"line":420,"column":5}},"line":399},"34":{"name":"(anonymous_34)","decl":{"start":{"line":426,"column":1},"end":{"line":426,"column":2}},"loc":{"start":{"line":426,"column":21},"end":{"line":482,"column":2}},"line":426},"35":{"name":"(anonymous_35)","decl":{"start":{"line":445,"column":9},"end":{"line":445,"column":10}},"loc":{"start":{"line":445,"column":21},"end":{"line":445,"column":36}},"line":445},"36":{"name":"(anonymous_36)","decl":{"start":{"line":446,"column":9},"end":{"line":446,"column":10}},"loc":{"start":{"line":446,"column":21},"end":{"line":479,"column":4}},"line":446},"37":{"name":"(anonymous_37)","decl":{"start":{"line":484,"column":1},"end":{"line":484,"column":2}},"loc":{"start":{"line":484,"column":23},"end":{"line":535,"column":2}},"line":484},"38":{"name":"(anonymous_38)","decl":{"start":{"line":505,"column":9},"end":{"line":505,"column":10}},"loc":{"start":{"line":505,"column":21},"end":{"line":505,"column":36}},"line":505},"39":{"name":"(anonymous_39)","decl":{"start":{"line":506,"column":9},"end":{"line":506,"column":10}},"loc":{"start":{"line":506,"column":21},"end":{"line":534,"column":4}},"line":506},"40":{"name":"LogoutUser","decl":{"start":{"line":542,"column":9},"end":{"line":542,"column":19}},"loc":{"start":{"line":542,"column":27},"end":{"line":551,"column":1}},"line":542},"41":{"name":"RefreshUser","decl":{"start":{"line":554,"column":9},"end":{"line":554,"column":20}},"loc":{"start":{"line":554,"column":28},"end":{"line":563,"column":1}},"line":554},"42":{"name":"Project","decl":{"start":{"line":566,"column":9},"end":{"line":566,"column":16}},"loc":{"start":{"line":566,"column":24},"end":{"line":642,"column":1}},"line":566},"43":{"name":"Registered_Users","decl":{"start":{"line":645,"column":9},"end":{"line":645,"column":25}},"loc":{"start":{"line":645,"column":33},"end":{"line":660,"column":1}},"line":645},"44":{"name":"ProjectAdder","decl":{"start":{"line":663,"column":9},"end":{"line":663,"column":21}},"loc":{"start":{"line":663,"column":29},"end":{"line":705,"column":1}},"line":663},"45":{"name":"ProjectJoiner","decl":{"start":{"line":707,"column":9},"end":{"line":707,"column":22}},"loc":{"start":{"line":707,"column":30},"end":{"line":735,"column":1}},"line":707}},"branchMap":{"0":{"loc":{"start":{"line":264,"column":2},"end":{"line":302,"column":3}},"type":"if","locations":[{"start":{"line":264,"column":2},"end":{"line":302,"column":3}},{"start":{},"end":{}}],"line":264},"1":{"loc":{"start":{"line":264,"column":5},"end":{"line":264,"column":48}},"type":"binary-expr","locations":[{"start":{"line":264,"column":5},"end":{"line":264,"column":24}},{"start":{"line":264,"column":28},"end":{"line":264,"column":48}}],"line":264},"2":{"loc":{"start":{"line":312,"column":2},"end":{"line":350,"column":3}},"type":"if","locations":[{"start":{"line":312,"column":2},"end":{"line":350,"column":3}},{"start":{},"end":{}}],"line":312},"3":{"loc":{"start":{"line":312,"column":5},"end":{"line":312,"column":50}},"type":"binary-expr","locations":[{"start":{"line":312,"column":5},"end":{"line":312,"column":25}},{"start":{"line":312,"column":29},"end":{"line":312,"column":50}}],"line":312},"4":{"loc":{"start":{"line":358,"column":2},"end":{"line":422,"column":3}},"type":"if","locations":[{"start":{"line":358,"column":2},"end":{"line":422,"column":3}},{"start":{},"end":{}}],"line":358},"5":{"loc":{"start":{"line":358,"column":5},"end":{"line":358,"column":71}},"type":"binary-expr","locations":[{"start":{"line":358,"column":5},"end":{"line":358,"column":37}},{"start":{"line":358,"column":41},"end":{"line":358,"column":71}}],"line":358},"6":{"loc":{"start":{"line":359,"column":3},"end":{"line":421,"column":4}},"type":"if","locations":[{"start":{"line":359,"column":3},"end":{"line":421,"column":4}},{"start":{},"end":{}}],"line":359},"7":{"loc":{"start":{"line":359,"column":6},"end":{"line":359,"column":60}},"type":"binary-expr","locations":[{"start":{"line":359,"column":6},"end":{"line":359,"column":32}},{"start":{"line":359,"column":36},"end":{"line":359,"column":60}}],"line":359},"8":{"loc":{"start":{"line":368,"column":4},"end":{"line":376,"column":5}},"type":"if","locations":[{"start":{"line":368,"column":4},"end":{"line":376,"column":5}},{"start":{},"end":{}}],"line":368},"9":{"loc":{"start":{"line":368,"column":7},"end":{"line":368,"column":64}},"type":"binary-expr","locations":[{"start":{"line":368,"column":7},"end":{"line":368,"column":36}},{"start":{"line":368,"column":40},"end":{"line":368,"column":64}}],"line":368},"10":{"loc":{"start":{"line":372,"column":6},"end":{"line":374,"column":7}},"type":"if","locations":[{"start":{"line":372,"column":6},"end":{"line":374,"column":7}},{"start":{},"end":{}}],"line":372},"11":{"loc":{"start":{"line":403,"column":5},"end":{"line":419,"column":6}},"type":"if","locations":[{"start":{"line":403,"column":5},"end":{"line":419,"column":6}},{"start":{"line":417,"column":10},"end":{"line":419,"column":6}}],"line":403},"12":{"loc":{"start":{"line":430,"column":2},"end":{"line":480,"column":3}},"type":"if","locations":[{"start":{"line":430,"column":2},"end":{"line":480,"column":3}},{"start":{},"end":{}}],"line":430},"13":{"loc":{"start":{"line":430,"column":5},"end":{"line":430,"column":63}},"type":"binary-expr","locations":[{"start":{"line":430,"column":5},"end":{"line":430,"column":35}},{"start":{"line":430,"column":39},"end":{"line":430,"column":63}}],"line":430},"14":{"loc":{"start":{"line":452,"column":4},"end":{"line":478,"column":5}},"type":"if","locations":[{"start":{"line":452,"column":4},"end":{"line":478,"column":5}},{"start":{"line":476,"column":9},"end":{"line":478,"column":5}}],"line":452},"15":{"loc":{"start":{"line":512,"column":4},"end":{"line":533,"column":5}},"type":"if","locations":[{"start":{"line":512,"column":4},"end":{"line":533,"column":5}},{"start":{"line":531,"column":9},"end":{"line":533,"column":5}}],"line":512}},"s":{"0":1,"1":1,"2":1,"3":1,"4":1,"5":1,"6":1,"7":1,"8":1,"9":6,"10":0,"11":0,"12":6,"13":6,"14":6,"15":6,"16":6,"17":6,"18":6,"19":0,"20":0,"21":6,"22":0,"23":6,"24":0,"25":0,"26":0,"27":0,"28":0,"29":0,"30":6,"31":0,"32":6,"33":0,"34":6,"35":6,"36":0,"37":0,"38":0,"39":0,"40":0,"41":0,"42":0,"43":0,"44":0,"45":0,"46":0,"47":0,"48":0,"49":0,"50":0,"51":0,"52":0,"53":0,"54":0,"55":0,"56":0,"57":0,"58":0,"59":0,"60":0,"61":0,"62":0,"63":0,"64":0,"65":0,"66":0,"67":0,"68":0,"69":0,"70":0,"71":0,"72":0,"73":0,"74":0,"75":0,"76":0,"77":0,"78":0,"79":0,"80":0,"81":0,"82":0,"83":0,"84":0,"85":0,"86":0,"87":0,"88":0,"89":0,"90":0,"91":0,"92":0,"93":0,"94":0,"95":0,"96":0,"97":0,"98":0,"99":0,"100":0,"101":0,"102":0,"103":0,"104":0,"105":0,"106":0,"107":0,"108":0,"109":0,"110":0,"111":0,"112":0,"113":0,"114":0,"115":0,"116":0,"117":0,"118":0,"119":0,"120":0,"121":0,"122":0,"123":0,"124":0,"125":0,"126":0,"127":0,"128":0,"129":0,"130":0,"131":0,"132":0,"133":0,"134":6,"135":6,"136":0,"137":0,"138":0,"139":0,"140":0,"141":0,"142":6,"143":6},"f":{"0":6,"1":0,"2":0,"3":6,"4":6,"5":6,"6":0,"7":6,"8":0,"9":0,"10":0,"11":0,"12":0,"13":0,"14":6,"15":0,"16":6,"17":0,"18":6,"19":0,"20":0,"21":0,"22":0,"23":0,"24":0,"25":0,"26":0,"27":0,"28":0,"29":0,"30":0,"31":0,"32":0,"33":0,"34":0,"35":0,"36":0,"37":0,"38":0,"39":0,"40":6,"41":6,"42":0,"43":0,"44":6,"45":6},"b":{"0":[0,0],"1":[0,0],"2":[0,0],"3":[0,0],"4":[0,0],"5":[0,0],"6":[0,0],"7":[0,0],"8":[0,0],"9":[0,0],"10":[0,0],"11":[0,0],"12":[0,0],"13":[0,0],"14":[0,0],"15":[0,0]},"_coverageSchema":"1a1c01bbd47fc00a2c39e90264f33305004495a9","hash":"b97913341a00cca4b28320f1aa07639b713f552b"}
,"C:\\Users\\jcaj3\\Desktop\\Files\\UT_Files\\Fall_2022\\ECE461L\\Project\\team_project_submission\\frontend\\src\\index.js": {"path":"C:\\Users\\jcaj3\\Desktop\\Files\\UT_Files\\Fall_2022\\ECE461L\\Project\\team_project_submission\\frontend\\src\\index.js","statementMap":{"0":{"start":{"line":5,"column":13},"end":{"line":5,"column":65}},"1":{"start":{"line":6,"column":0},"end":{"line":10,"column":2}}},"fnMap":{},"branchMap":{},"s":{"0":0,"1":0},"f":{},"b":{}}
}
