{"C:\\Users\\jcaj3\\Desktop\\Files\\UT_Files\\Fall_2022\\ECE461L\\Project\\team_project_submission\\frontend\\src\\App.js": {"path":"C:\\Users\\jcaj3\\Desktop\\Files\\UT_Files\\Fall_2022\\ECE461L\\Project\\team_project_submission\\frontend\\src\\App.js","statementMap":{"0":{"start":{"line":13,"column":2},"end":{"line":13,"column":14}},"1":{"start":{"line":14,"column":2},"end":{"line":16,"column":3}},"2":{"start":{"line":21,"column":2},"end":{"line":43,"column":3}},"3":{"start":{"line":22,"column":3},"end":{"line":32,"column":4}},"4":{"start":{"line":35,"column":3},"end":{"line":42,"column":4}},"5":{"start":{"line":49,"column":21},"end":{"line":55,"column":2}},"6":{"start":{"line":50,"column":2},"end":{"line":54,"column":4}},"7":{"start":{"line":58,"column":22},"end":{"line":62,"column":2}},"8":{"start":{"line":59,"column":2},"end":{"line":61,"column":4}}},"fnMap":{"0":{"name":"(anonymous_0)","decl":{"start":{"line":12,"column":1},"end":{"line":12,"column":2}},"loc":{"start":{"line":12,"column":20},"end":{"line":17,"column":2}},"line":12},"1":{"name":"(anonymous_1)","decl":{"start":{"line":20,"column":1},"end":{"line":20,"column":2}},"loc":{"start":{"line":20,"column":10},"end":{"line":44,"column":2}},"line":20},"2":{"name":"(anonymous_2)","decl":{"start":{"line":49,"column":21},"end":{"line":49,"column":22}},"loc":{"start":{"line":49,"column":46},"end":{"line":55,"column":2}},"line":49},"3":{"name":"(anonymous_3)","decl":{"start":{"line":58,"column":22},"end":{"line":58,"column":23}},"loc":{"start":{"line":58,"column":28},"end":{"line":62,"column":2}},"line":58}},"branchMap":{"0":{"loc":{"start":{"line":21,"column":2},"end":{"line":43,"column":3}},"type":"if","locations":[{"start":{"line":21,"column":2},"end":{"line":43,"column":3}},{"start":{"line":34,"column":7},"end":{"line":43,"column":3}}],"line":21}},"s":{"0":7,"1":7,"2":7,"3":0,"4":7,"5":7,"6":0,"7":7,"8":0},"f":{"0":7,"1":7,"2":0,"3":0},"b":{"0":[0,7]},"_coverageSchema":"1a1c01bbd47fc00a2c39e90264f33305004495a9","hash":"579933270fd732d582e7c82773f2abf36206137e"}
,"C:\\Users\\jcaj3\\Desktop\\Files\\UT_Files\\Fall_2022\\ECE461L\\Project\\team_project_submission\\frontend\\src\\index.js": {"path":"C:\\Users\\jcaj3\\Desktop\\Files\\UT_Files\\Fall_2022\\ECE461L\\Project\\team_project_submission\\frontend\\src\\index.js","statementMap":{"0":{"start":{"line":5,"column":13},"end":{"line":5,"column":65}},"1":{"start":{"line":6,"column":0},"end":{"line":10,"column":2}}},"fnMap":{},"branchMap":{},"s":{"0":0,"1":0},"f":{},"b":{}}
}
