TN:
SF:src\App.js
FN:12,(anonymous_0)
FN:20,(anonymous_1)
FN:49,(anonymous_2)
FN:58,(anonymous_3)
FNF:4
FNH:2
FNDA:6,(anonymous_0)
FNDA:6,(anonymous_1)
FNDA:0,(anonymous_2)
FNDA:0,(anonymous_3)
DA:13,6
DA:14,6
DA:21,6
DA:22,0
DA:35,6
DA:49,6
DA:50,0
DA:58,6
DA:59,0
LF:9
LH:6
BRDA:21,0,0,0
BRDA:21,0,1,6
BRF:2
BRH:1
end_of_record
TN:
SF:src\Projects.js
FN:23,(anonymous_0)
FN:27,(anonymous_1)
FN:48,(anonymous_2)
FN:58,(anonymous_3)
FN:75,(anonymous_4)
FN:80,(anonymous_5)
FN:102,(anonymous_6)
FN:119,(anonymous_7)
FN:149,(anonymous_8)
FN:157,(anonymous_9)
FN:158,(anonymous_10)
FN:159,(anonymous_11)
FN:160,(anonymous_12)
FN:161,(anonymous_13)
FN:166,(anonymous_14)
FN:168,(anonymous_15)
FN:173,(anonymous_16)
FN:175,(anonymous_17)
FN:182,(anonymous_18)
FN:196,(anonymous_19)
FN:197,(anonymous_20)
FN:220,(anonymous_21)
FN:233,(anonymous_22)
FN:234,(anonymous_23)
FN:244,(anonymous_24)
FN:258,(anonymous_25)
FN:283,(anonymous_26)
FN:284,(anonymous_27)
FN:306,(anonymous_28)
FN:331,(anonymous_29)
FN:332,(anonymous_30)
FN:354,(anonymous_31)
FN:398,(anonymous_32)
FN:399,(anonymous_33)
FN:426,(anonymous_34)
FN:445,(anonymous_35)
FN:446,(anonymous_36)
FN:484,(anonymous_37)
FN:505,(anonymous_38)
FN:506,(anonymous_39)
FN:542,LogoutUser
FN:554,RefreshUser
FN:566,Project
FN:645,Registered_Users
FN:663,ProjectAdder
FN:707,ProjectJoiner
FNF:46
FNH:12
FNDA:6,(anonymous_0)
FNDA:0,(anonymous_1)
FNDA:0,(anonymous_2)
FNDA:6,(anonymous_3)
FNDA:6,(anonymous_4)
FNDA:6,(anonymous_5)
FNDA:0,(anonymous_6)
FNDA:6,(anonymous_7)
FNDA:0,(anonymous_8)
FNDA:0,(anonymous_9)
FNDA:0,(anonymous_10)
FNDA:0,(anonymous_11)
FNDA:0,(anonymous_12)
FNDA:0,(anonymous_13)
FNDA:6,(anonymous_14)
FNDA:0,(anonymous_15)
FNDA:6,(anonymous_16)
FNDA:0,(anonymous_17)
FNDA:6,(anonymous_18)
FNDA:0,(anonymous_19)
FNDA:0,(anonymous_20)
FNDA:0,(anonymous_21)
FNDA:0,(anonymous_22)
FNDA:0,(anonymous_23)
FNDA:0,(anonymous_24)
FNDA:0,(anonymous_25)
FNDA:0,(anonymous_26)
FNDA:0,(anonymous_27)
FNDA:0,(anonymous_28)
FNDA:0,(anonymous_29)
FNDA:0,(anonymous_30)
FNDA:0,(anonymous_31)
FNDA:0,(anonymous_32)
FNDA:0,(anonymous_33)
FNDA:0,(anonymous_34)
FNDA:0,(anonymous_35)
FNDA:0,(anonymous_36)
FNDA:0,(anonymous_37)
FNDA:0,(anonymous_38)
FNDA:0,(anonymous_39)
FNDA:6,LogoutUser
FNDA:6,RefreshUser
FNDA:0,Project
FNDA:0,Registered_Users
FNDA:6,ProjectAdder
FNDA:6,ProjectJoiner
DA:6,1
DA:7,1
DA:8,1
DA:9,1
DA:10,1
DA:11,1
DA:12,1
DA:16,1
DA:17,1
DA:24,6
DA:27,0
DA:49,0
DA:61,6
DA:62,6
DA:76,6
DA:82,6
DA:85,6
DA:88,6
DA:90,0
DA:93,0
DA:99,6
DA:102,0
DA:120,6
DA:150,0
DA:157,0
DA:158,0
DA:159,0
DA:160,0
DA:161,0
DA:167,6
DA:168,0
DA:174,6
DA:175,0
DA:184,6
DA:187,6
DA:196,0
DA:200,0
DA:201,0
DA:202,0
DA:203,0
DA:207,0
DA:208,0
DA:211,0
DA:221,0
DA:223,0
DA:233,0
DA:235,0
DA:236,0
DA:237,0
DA:246,0
DA:248,0
DA:249,0
DA:252,0
DA:260,0
DA:263,0
DA:264,0
DA:267,0
DA:268,0
DA:271,0
DA:283,0
DA:287,0
DA:290,0
DA:291,0
DA:294,0
DA:299,0
DA:308,0
DA:311,0
DA:312,0
DA:315,0
DA:316,0
DA:319,0
DA:331,0
DA:335,0
DA:338,0
DA:339,0
DA:342,0
DA:347,0
DA:356,0
DA:357,0
DA:358,0
DA:359,0
DA:362,0
DA:363,0
DA:364,0
DA:367,0
DA:368,0
DA:369,0
DA:370,0
DA:371,0
DA:372,0
DA:373,0
DA:377,0
DA:380,0
DA:398,0
DA:400,0
DA:403,0
DA:404,0
DA:407,0
DA:412,0
DA:413,0
DA:414,0
DA:415,0
DA:418,0
DA:428,0
DA:430,0
DA:432,0
DA:435,0
DA:445,0
DA:449,0
DA:452,0
DA:455,0
DA:456,0
DA:457,0
DA:458,0
DA:468,0
DA:473,0
DA:474,0
DA:477,0
DA:486,0
DA:489,0
DA:492,0
DA:495,0
DA:505,0
DA:509,0
DA:512,0
DA:515,0
DA:516,0
DA:517,0
DA:521,0
DA:522,0
DA:525,0
DA:532,0
DA:543,6
DA:555,6
DA:567,0
DA:647,0
DA:650,0
DA:651,0
DA:659,0
DA:664,6
DA:708,6
LF:141
LH:26
BRDA:264,0,0,0
BRDA:264,0,1,0
BRDA:264,1,0,0
BRDA:264,1,1,0
BRDA:312,2,0,0
BRDA:312,2,1,0
BRDA:312,3,0,0
BRDA:312,3,1,0
BRDA:358,4,0,0
BRDA:358,4,1,0
BRDA:358,5,0,0
BRDA:358,5,1,0
BRDA:359,6,0,0
BRDA:359,6,1,0
BRDA:359,7,0,0
BRDA:359,7,1,0
BRDA:368,8,0,0
BRDA:368,8,1,0
BRDA:368,9,0,0
BRDA:368,9,1,0
BRDA:372,10,0,0
BRDA:372,10,1,0
BRDA:403,11,0,0
BRDA:403,11,1,0
BRDA:430,12,0,0
BRDA:430,12,1,0
BRDA:430,13,0,0
BRDA:430,13,1,0
BRDA:452,14,0,0
BRDA:452,14,1,0
BRDA:512,15,0,0
BRDA:512,15,1,0
BRF:32
BRH:0
end_of_record
TN:
SF:src\index.js
FNF:0
FNH:0
DA:5,0
DA:6,0
LF:2
LH:0
BRF:0
BRH:0
end_of_record
